Arguments: 
  /usr/local/bin/node /usr/local/Cellar/yarn/1.5.1_1/libexec/bin/yarn.js upgrade-interactive

PATH: 
  /Users/sburrows/Projects/onos/tools/package/runtime/bin:/bin:/usr/local/bin:/usr/bin:/bin:/usr/sbin:/sbin:/Users/sburrows/Projects/onos/tools/dev/bin:/Users/sburrows/Projects/onos/tools/test/bin:/Users/sburrows/Projects/onos/tools/test/scenarios/bin:/Users/sburrows/Projects/onos/tools/build:/Users/sburrows/Applications/apache-maven-3.3.9/bin:/Users/sburrows/Applications/apache-karaf-3.0.8/bin

Yarn version: 
  1.5.1

Node version: 
  9.2.0

Platform: 
  darwin x64

npm manifest: 
  {
    "name": "masonry-package-manager",
    "description": "Masonry package manager",
    "version": "1.0.0",
    "license": "MIT",
    "repository": {
      "type": "git",
      "url": "https://github.com/SMBurrows/apm.git"
    },
    "bugs": {
      "url": "https://github.com/SMBurrows/apm/issues"
    },
    "main": "./lib/apm.js",
    "bin": {
      "apm": "./bin/apm"
    },
    "scripts": {
      "build": "node script/check-version.js && grunt",
      "prepublish": "grunt prepublish",
      "install": "node script/postinstall.js",
      "test": "node script/check-version.js && grunt test",
      "check-version": "node version.js"
    },
    "dependencies": {
      "asar-require": "0.3.0",
      "async": "~0.2.8",
      "colors": "~0.6.1",
      "first-mate": "6.2.0",
      "fs-plus": "2.x",
      "git-utils": "^4.0",
      "hosted-git-info": "^2.1.4",
      "keytar": "^4.0",
      "mv": "2.0.0",
      "ncp": "~0.5.1",
      "npm": "3.10.10",
      "node-gyp": "3.4.0",
      "open": "0.0.4",
      "plist": "git+https://github.com/nathansobo/node-plist.git",
      "q": "~0.9.7",
      "read": "~1.0.5",
      "request": "^2.72.0",
      "rimraf": "^2.5.2",
      "season": "^6.0.2",
      "semver": "^5.1.0",
      "tar": "^2.2.1",
      "temp": "~0.7.0",
      "underscore-plus": "1.x",
      "wordwrap": "0.0.2",
      "wrench": "~1.5.1",
      "yargs": "^3.23.0"
    },
    "devDependencies": {
      "coffee-script": "^1.8.0",
      "express": "~3.2.3",
      "grunt": "^1.0.1",
      "grunt-coffeelint": "0.0.16",
      "grunt-cli": "^1.2.0",
      "grunt-contrib-coffee": "^1.0.0",
      "grunt-shell": "^1.3.0",
      "jasmine-focused": ">=1.0.7 <2.0"
    }
  }

yarn manifest: 
  No manifest

Lockfile: 
  No lockfile

Trace: 
  Error: No lockfile in this directory. Run `yarn install` to generate one.
      at new MessageError (/usr/local/Cellar/yarn/1.5.1_1/libexec/lib/cli.js:186:110)
      at /usr/local/Cellar/yarn/1.5.1_1/libexec/lib/cli.js:89389:13
      at <anonymous>
